0 info it worked if it ends with ok
1 verbose cli [ 'C:\\Program Files (x86)\\nodejs\\\\node.exe',
1 verbose cli   'C:\\Program Files (x86)\\nodejs\\node_modules\\npm\\bin\\npm-cli.js',
1 verbose cli   'install',
1 verbose cli   'mongodb' ]
2 info using npm@1.4.28
3 info using node@v0.10.36
4 verbose node symlink C:\Program Files (x86)\nodejs\\node.exe
5 verbose readDependencies using package.json deps
6 verbose cache add [ 'mongodb', null ]
7 verbose cache add name=undefined spec="mongodb" args=["mongodb",null]
8 verbose parsed url { protocol: null,
8 verbose parsed url   slashes: null,
8 verbose parsed url   auth: null,
8 verbose parsed url   host: null,
8 verbose parsed url   port: null,
8 verbose parsed url   hostname: null,
8 verbose parsed url   hash: null,
8 verbose parsed url   search: null,
8 verbose parsed url   query: null,
8 verbose parsed url   pathname: 'mongodb',
8 verbose parsed url   path: 'mongodb',
8 verbose parsed url   href: 'mongodb' }
9 silly lockFile 7f1c982e-mongodb mongodb
10 verbose lock mongodb C:\Users\Njara\AppData\Roaming\npm-cache\7f1c982e-mongodb.lock
11 silly lockFile 7f1c982e-mongodb mongodb
12 silly lockFile 7f1c982e-mongodb mongodb
13 verbose addNamed [ 'mongodb', '' ]
14 verbose addNamed [ null, '*' ]
15 silly lockFile 886df635-mongodb mongodb@
16 verbose lock mongodb@ C:\Users\Njara\AppData\Roaming\npm-cache\886df635-mongodb.lock
17 silly addNameRange { name: 'mongodb', range: '*', hasData: false }
18 verbose request where is /mongodb
19 verbose request registry https://registry.npmjs.org/
20 verbose request id 3e05c902bf30d47e
21 verbose url raw /mongodb
22 verbose url resolving [ 'https://registry.npmjs.org/', './mongodb' ]
23 verbose url resolved https://registry.npmjs.org/mongodb
24 verbose request where is https://registry.npmjs.org/mongodb
25 info trying registry request attempt 1 at 09:35:58
26 http GET https://registry.npmjs.org/mongodb
27 info retry will retry, error on last attempt: Error: getaddrinfo ENOTFOUND
28 info trying registry request attempt 2 at 09:36:08
29 http GET https://registry.npmjs.org/mongodb
30 info retry will retry, error on last attempt: Error: getaddrinfo ENOTFOUND
31 info trying registry request attempt 3 at 09:37:08
32 http GET https://registry.npmjs.org/mongodb
33 silly lockFile 886df635-mongodb mongodb@
34 silly lockFile 886df635-mongodb mongodb@
35 error network getaddrinfo ENOTFOUND
35 error network This is most likely not a problem with npm itself
35 error network and is related to network connectivity.
35 error network In most cases you are behind a proxy or have bad network settings.
35 error network
35 error network If you are behind a proxy, please make sure that the
35 error network 'proxy' config is set properly.  See: 'npm help config'
36 error System Windows_NT 6.2.9200
37 error command "C:\\Program Files (x86)\\nodejs\\\\node.exe" "C:\\Program Files (x86)\\nodejs\\node_modules\\npm\\bin\\npm-cli.js" "install" "mongodb"
38 error cwd E:\ITUniversity\projects\Saphir\node-js-getting-started
39 error node -v v0.10.36
40 error npm -v 1.4.28
41 error syscall getaddrinfo
42 error code ENOTFOUND
43 error errno ENOTFOUND
44 verbose exit [ 1, true ]
